2026-04-16 15:07:36,252 - __main__ - INFO - ======================================================================
2026-04-16 15:07:36,252 - __main__ - INFO - Price Sync Script Starting
2026-04-16 15:07:36,252 - __main__ - INFO - API Base URL: http://localhost:8000
2026-04-16 15:07:36,253 - __main__ - INFO - Sync Interval: 10 minutes
2026-04-16 15:07:36,253 - __main__ - INFO - ======================================================================
2026-04-16 15:07:36,253 - __main__ - INFO - Running initial sync...
2026-04-16 15:07:36,253 - __main__ - INFO - ======================================================================
2026-04-16 15:07:36,253 - __main__ - INFO - Starting price sync job
2026-04-16 15:07:36,253 - __main__ - INFO - ======================================================================
2026-04-16 15:07:36,319 - __main__ - INFO - API: Fetched 1 assets
2026-04-16 15:07:36,509 - __main__ - INFO - CoinGecko: Fetched bitcoin = $74,662.00
2026-04-16 15:07:36,546 - __main__ - INFO - API: Submitted price for asset 1: $74,662.00 (source: coingecko)
2026-04-16 15:07:36,546 - __main__ - INFO - ----------------------------------------------------------------------
2026-04-16 15:07:36,546 - __main__ - INFO - Sync completed: 1 succeeded, 0 failed, 0 skipped
2026-04-16 15:07:36,546 - __main__ - INFO - ======================================================================
2026-04-16 15:07:36,546 - __main__ - INFO - Scheduled sync every 10 minutes
2026-04-16 15:07:36,546 - __main__ - INFO - Press Ctrl+C to stop
2026-04-16 15:08:07,748 - __main__ - INFO - Received shutdown signal, exiting...
2026-04-16 15:08:23,434 - __main__ - INFO - ======================================================================
2026-04-16 15:08:23,434 - __main__ - INFO - Price Sync Script Starting
2026-04-16 15:08:23,434 - __main__ - INFO - API Base URL: http://localhost:8000
2026-04-16 15:08:23,434 - __main__ - INFO - Sync Interval: 1 minutes
2026-04-16 15:08:23,434 - __main__ - INFO - ======================================================================
2026-04-16 15:08:23,434 - __main__ - INFO - Running initial sync...
2026-04-16 15:08:23,434 - __main__ - INFO - ======================================================================
2026-04-16 15:08:23,434 - __main__ - INFO - Starting price sync job
2026-04-16 15:08:23,435 - __main__ - INFO - ======================================================================
2026-04-16 15:08:23,478 - __main__ - INFO - API: Fetched 1 assets
2026-04-16 15:08:23,595 - __main__ - INFO - CoinGecko: Fetched bitcoin = $74,662.00
2026-04-16 15:08:23,619 - __main__ - INFO - API: Submitted price for asset 1: $74,662.00 (source: coingecko)
2026-04-16 15:08:23,619 - __main__ - INFO - ----------------------------------------------------------------------
2026-04-16 15:08:23,619 - __main__ - INFO - Sync completed: 1 succeeded, 0 failed, 0 skipped
2026-04-16 15:08:23,619 - __main__ - INFO - ======================================================================
2026-04-16 15:08:23,620 - __main__ - INFO - Scheduled sync every 1 minutes
2026-04-16 15:08:23,620 - __main__ - INFO - Press Ctrl+C to stop
2026-04-16 15:09:23,627 - __main__ - INFO - ======================================================================
2026-04-16 15:09:23,627 - __main__ - INFO - Starting price sync job
2026-04-16 15:09:23,627 - __main__ - INFO - ======================================================================
2026-04-16 15:09:23,632 - __main__ - INFO - API: Fetched 1 assets
2026-04-16 15:09:23,660 - __main__ - INFO - CoinGecko: Fetched bitcoin = $74,691.00
2026-04-16 15:09:23,680 - __main__ - INFO - API: Submitted price for asset 1: $74,691.00 (source: coingecko)
2026-04-16 15:09:23,680 - __main__ - INFO - ----------------------------------------------------------------------
2026-04-16 15:09:23,680 - __main__ - INFO - Sync completed: 1 succeeded, 0 failed, 0 skipped
2026-04-16 15:09:23,680 - __main__ - INFO - ======================================================================
2026-04-16 15:10:23,687 - __main__ - INFO - ======================================================================
2026-04-16 15:10:23,688 - __main__ - INFO - Starting price sync job
2026-04-16 15:10:23,688 - __main__ - INFO - ======================================================================
2026-04-16 15:10:23,694 - __main__ - INFO - API: Fetched 1 assets
2026-04-16 15:10:23,717 - __main__ - INFO - CoinGecko: Fetched bitcoin = $74,728.00
2026-04-16 15:10:23,734 - __main__ - INFO - API: Submitted price for asset 1: $74,728.00 (source: coingecko)
2026-04-16 15:10:23,734 - __main__ - INFO - ----------------------------------------------------------------------
2026-04-16 15:10:23,734 - __main__ - INFO - Sync completed: 1 succeeded, 0 failed, 0 skipped
2026-04-16 15:10:23,734 - __main__ - INFO - ======================================================================
2026-04-16 15:11:23,740 - __main__ - INFO - ======================================================================
2026-04-16 15:11:23,740 - __main__ - INFO - Starting price sync job
2026-04-16 15:11:23,740 - __main__ - INFO - ======================================================================
2026-04-16 15:11:23,743 - __main__ - INFO - API: Fetched 1 assets
2026-04-16 15:11:23,762 - __main__ - INFO - CoinGecko: Fetched bitcoin = $74,745.00
2026-04-16 15:11:23,774 - __main__ - INFO - API: Submitted price for asset 1: $74,745.00 (source: coingecko)
2026-04-16 15:11:23,774 - __main__ - INFO - ----------------------------------------------------------------------
2026-04-16 15:11:23,775 - __main__ - INFO - Sync completed: 1 succeeded, 0 failed, 0 skipped
2026-04-16 15:11:23,775 - __main__ - INFO - ======================================================================
2026-04-16 15:12:23,782 - __main__ - INFO - ======================================================================
2026-04-16 15:12:23,782 - __main__ - INFO - Starting price sync job
2026-04-16 15:12:23,782 - __main__ - INFO - ======================================================================
2026-04-16 15:12:23,786 - __main__ - INFO - API: Fetched 1 assets
2026-04-16 15:12:23,813 - __main__ - INFO - CoinGecko: Fetched bitcoin = $74,747.00
2026-04-16 15:12:23,831 - __main__ - INFO - API: Submitted price for asset 1: $74,747.00 (source: coingecko)
2026-04-16 15:12:23,831 - __main__ - INFO - ----------------------------------------------------------------------
2026-04-16 15:12:23,831 - __main__ - INFO - Sync completed: 1 succeeded, 0 failed, 0 skipped
2026-04-16 15:12:23,831 - __main__ - INFO - ======================================================================
2026-04-16 15:13:23,838 - __main__ - INFO - ======================================================================
2026-04-16 15:13:23,838 - __main__ - INFO - Starting price sync job
2026-04-16 15:13:23,838 - __main__ - INFO - ======================================================================
2026-04-16 15:13:23,884 - __main__ - INFO - API: Fetched 1 assets
2026-04-16 15:13:23,917 - __main__ - INFO - CoinGecko: Fetched bitcoin = $74,751.00
2026-04-16 15:13:23,940 - __main__ - INFO - API: Submitted price for asset 1: $74,751.00 (source: coingecko)
2026-04-16 15:13:23,941 - __main__ - INFO - ----------------------------------------------------------------------
2026-04-16 15:13:23,941 - __main__ - INFO - Sync completed: 1 succeeded, 0 failed, 0 skipped
2026-04-16 15:13:23,941 - __main__ - INFO - ======================================================================
2026-04-16 15:14:23,948 - __main__ - INFO - ======================================================================
2026-04-16 15:14:23,948 - __main__ - INFO - Starting price sync job
2026-04-16 15:14:23,949 - __main__ - INFO - ======================================================================
2026-04-16 15:14:23,952 - __main__ - INFO - API: Fetched 1 assets
2026-04-16 15:14:23,973 - __main__ - INFO - CoinGecko: Fetched bitcoin = $74,760.00
2026-04-16 15:14:23,987 - __main__ - INFO - API: Submitted price for asset 1: $74,760.00 (source: coingecko)
2026-04-16 15:14:23,987 - __main__ - INFO - ----------------------------------------------------------------------
2026-04-16 15:14:23,987 - __main__ - INFO - Sync completed: 1 succeeded, 0 failed, 0 skipped
2026-04-16 15:14:23,988 - __main__ - INFO - ======================================================================
2026-04-16 15:15:24,021 - __main__ - INFO - ======================================================================
2026-04-16 15:15:24,021 - __main__ - INFO - Starting price sync job
2026-04-16 15:15:24,021 - __main__ - INFO - ======================================================================
2026-04-16 15:15:24,027 - __main__ - INFO - API: Fetched 1 assets
2026-04-16 15:15:24,055 - __main__ - INFO - CoinGecko: Fetched bitcoin = $74,772.00
2026-04-16 15:15:24,077 - __main__ - INFO - API: Submitted price for asset 1: $74,772.00 (source: coingecko)
2026-04-16 15:15:24,077 - __main__ - INFO - ----------------------------------------------------------------------
2026-04-16 15:15:24,077 - __main__ - INFO - Sync completed: 1 succeeded, 0 failed, 0 skipped
2026-04-16 15:15:24,077 - __main__ - INFO - ======================================================================
2026-04-16 15:16:24,092 - __main__ - INFO - ======================================================================
2026-04-16 15:16:24,092 - __main__ - INFO - Starting price sync job
2026-04-16 15:16:24,092 - __main__ - INFO - ======================================================================
2026-04-16 15:16:24,096 - __main__ - INFO - API: Fetched 1 assets
2026-04-16 15:16:24,207 - __main__ - INFO - CoinGecko: Fetched bitcoin = $74,803.00
2026-04-16 15:16:24,220 - __main__ - INFO - API: Submitted price for asset 1: $74,803.00 (source: coingecko)
2026-04-16 15:16:24,221 - __main__ - INFO - ----------------------------------------------------------------------
2026-04-16 15:16:24,221 - __main__ - INFO - Sync completed: 1 succeeded, 0 failed, 0 skipped
2026-04-16 15:16:24,221 - __main__ - INFO - ======================================================================
2026-04-16 15:17:24,232 - __main__ - INFO - ======================================================================
2026-04-16 15:17:24,233 - __main__ - INFO - Starting price sync job
2026-04-16 15:17:24,233 - __main__ - INFO - ======================================================================
2026-04-16 15:17:24,240 - __main__ - INFO - API: Fetched 1 assets
2026-04-16 15:17:24,284 - __main__ - INFO - CoinGecko: Fetched bitcoin = $74,809.00
2026-04-16 15:17:24,308 - __main__ - INFO - API: Submitted price for asset 1: $74,809.00 (source: coingecko)
2026-04-16 15:17:24,309 - __main__ - INFO - ----------------------------------------------------------------------
2026-04-16 15:17:24,309 - __main__ - INFO - Sync completed: 1 succeeded, 0 failed, 0 skipped
2026-04-16 15:17:24,309 - __main__ - INFO - ======================================================================
2026-04-16 15:18:24,328 - __main__ - INFO - ======================================================================
2026-04-16 15:18:24,328 - __main__ - INFO - Starting price sync job
2026-04-16 15:18:24,328 - __main__ - INFO - ======================================================================
2026-04-16 15:18:24,366 - __main__ - INFO - API: Fetched 1 assets
2026-04-16 15:18:24,493 - __main__ - INFO - CoinGecko: Fetched bitcoin = $74,825.00
2026-04-16 15:18:24,515 - __main__ - INFO - API: Submitted price for asset 1: $74,825.00 (source: coingecko)
2026-04-16 15:18:24,515 - __main__ - INFO - ----------------------------------------------------------------------
2026-04-16 15:18:24,515 - __main__ - INFO - Sync completed: 1 succeeded, 0 failed, 0 skipped
2026-04-16 15:18:24,515 - __main__ - INFO - ======================================================================
2026-04-16 15:19:24,529 - __main__ - INFO - ======================================================================
2026-04-16 15:19:24,530 - __main__ - INFO - Starting price sync job
2026-04-16 15:19:24,530 - __main__ - INFO - ======================================================================
2026-04-16 15:19:24,598 - __main__ - INFO - API: Fetched 1 assets
2026-04-16 15:19:24,631 - __main__ - INFO - CoinGecko: Fetched bitcoin = $74,827.00
2026-04-16 15:19:24,663 - __main__ - INFO - API: Submitted price for asset 1: $74,827.00 (source: coingecko)
2026-04-16 15:19:24,664 - __main__ - INFO - ----------------------------------------------------------------------
2026-04-16 15:19:24,664 - __main__ - INFO - Sync completed: 1 succeeded, 0 failed, 0 skipped
2026-04-16 15:19:24,664 - __main__ - INFO - ======================================================================
2026-04-16 15:20:24,675 - __main__ - INFO - ======================================================================
2026-04-16 15:20:24,676 - __main__ - INFO - Starting price sync job
2026-04-16 15:20:24,676 - __main__ - INFO - ======================================================================
2026-04-16 15:20:24,730 - __main__ - INFO - API: Fetched 1 assets
2026-04-16 15:20:24,751 - __main__ - INFO - CoinGecko: Fetched bitcoin = $74,845.00
2026-04-16 15:20:24,778 - __main__ - INFO - API: Submitted price for asset 1: $74,845.00 (source: coingecko)
2026-04-16 15:20:24,778 - __main__ - INFO - ----------------------------------------------------------------------
2026-04-16 15:20:24,778 - __main__ - INFO - Sync completed: 1 succeeded, 0 failed, 0 skipped
2026-04-16 15:20:24,778 - __main__ - INFO - ======================================================================
2026-04-16 15:21:24,785 - __main__ - INFO - ======================================================================
2026-04-16 15:21:24,785 - __main__ - INFO - Starting price sync job
2026-04-16 15:21:24,785 - __main__ - INFO - ======================================================================
2026-04-16 15:21:24,789 - __main__ - INFO - API: Fetched 1 assets
2026-04-16 15:21:24,806 - __main__ - INFO - CoinGecko: Fetched bitcoin = $74,883.00
2026-04-16 15:21:24,817 - __main__ - INFO - API: Submitted price for asset 1: $74,883.00 (source: coingecko)
2026-04-16 15:21:24,817 - __main__ - INFO - ----------------------------------------------------------------------
2026-04-16 15:21:24,817 - __main__ - INFO - Sync completed: 1 succeeded, 0 failed, 0 skipped
2026-04-16 15:21:24,817 - __main__ - INFO - ======================================================================
2026-04-16 15:22:24,843 - __main__ - INFO - ======================================================================
2026-04-16 15:22:24,844 - __main__ - INFO - Starting price sync job
2026-04-16 15:22:24,844 - __main__ - INFO - ======================================================================
2026-04-16 15:22:26,577 - __main__ - INFO - API: Fetched 1 assets
2026-04-16 15:22:26,602 - __main__ - INFO - CoinGecko: Fetched bitcoin = $74,905.00
2026-04-16 15:22:26,636 - __main__ - INFO - API: Submitted price for asset 1: $74,905.00 (source: coingecko)
2026-04-16 15:22:26,637 - __main__ - INFO - ----------------------------------------------------------------------
2026-04-16 15:22:26,637 - __main__ - INFO - Sync completed: 1 succeeded, 0 failed, 0 skipped
2026-04-16 15:22:26,637 - __main__ - INFO - ======================================================================
2026-04-16 15:23:26,655 - __main__ - INFO - ======================================================================
2026-04-16 15:23:26,656 - __main__ - INFO - Starting price sync job
2026-04-16 15:23:26,656 - __main__ - INFO - ======================================================================
2026-04-16 15:23:28,431 - __main__ - INFO - API: Fetched 1 assets
2026-04-16 15:23:28,454 - __main__ - INFO - CoinGecko: Fetched bitcoin = $74,909.00
2026-04-16 15:23:28,494 - __main__ - INFO - API: Submitted price for asset 1: $74,909.00 (source: coingecko)
2026-04-16 15:23:28,495 - __main__ - INFO - ----------------------------------------------------------------------
2026-04-16 15:23:28,495 - __main__ - INFO - Sync completed: 1 succeeded, 0 failed, 0 skipped
2026-04-16 15:23:28,495 - __main__ - INFO - ======================================================================
2026-04-16 15:24:28,502 - __main__ - INFO - ======================================================================
2026-04-16 15:24:28,502 - __main__ - INFO - Starting price sync job
2026-04-16 15:24:28,502 - __main__ - INFO - ======================================================================
2026-04-16 15:24:28,536 - __main__ - INFO - API: Fetched 1 assets
2026-04-16 15:24:28,557 - __main__ - INFO - CoinGecko: Fetched bitcoin = $74,896.00
2026-04-16 15:24:28,579 - __main__ - INFO - API: Submitted price for asset 1: $74,896.00 (source: coingecko)
2026-04-16 15:24:28,579 - __main__ - INFO - ----------------------------------------------------------------------
2026-04-16 15:24:28,579 - __main__ - INFO - Sync completed: 1 succeeded, 0 failed, 0 skipped
2026-04-16 15:24:28,579 - __main__ - INFO - ======================================================================
2026-04-16 15:25:28,589 - __main__ - INFO - ======================================================================
2026-04-16 15:25:28,589 - __main__ - INFO - Starting price sync job
2026-04-16 15:25:28,589 - __main__ - INFO - ======================================================================
2026-04-16 15:25:28,639 - __main__ - INFO - API: Fetched 1 assets
2026-04-16 15:25:28,666 - __main__ - INFO - CoinGecko: Fetched bitcoin = $74,892.00
2026-04-16 15:25:28,693 - __main__ - INFO - API: Submitted price for asset 1: $74,892.00 (source: coingecko)
2026-04-16 15:25:28,693 - __main__ - INFO - ----------------------------------------------------------------------
2026-04-16 15:25:28,693 - __main__ - INFO - Sync completed: 1 succeeded, 0 failed, 0 skipped
2026-04-16 15:25:28,693 - __main__ - INFO - ======================================================================
2026-04-16 15:26:28,707 - __main__ - INFO - ======================================================================
2026-04-16 15:26:28,708 - __main__ - INFO - Starting price sync job
2026-04-16 15:26:28,708 - __main__ - INFO - ======================================================================
2026-04-16 15:26:28,747 - __main__ - INFO - API: Fetched 1 assets
2026-04-16 15:26:28,772 - __main__ - INFO - CoinGecko: Fetched bitcoin = $74,907.00
2026-04-16 15:26:28,795 - __main__ - INFO - API: Submitted price for asset 1: $74,907.00 (source: coingecko)
2026-04-16 15:26:28,795 - __main__ - INFO - ----------------------------------------------------------------------
2026-04-16 15:26:28,796 - __main__ - INFO - Sync completed: 1 succeeded, 0 failed, 0 skipped
2026-04-16 15:26:28,796 - __main__ - INFO - ======================================================================
2026-04-16 15:27:28,803 - __main__ - INFO - ======================================================================
2026-04-16 15:27:28,803 - __main__ - INFO - Starting price sync job
2026-04-16 15:27:28,803 - __main__ - INFO - ======================================================================
2026-04-16 15:27:28,807 - __main__ - INFO - API: Fetched 1 assets
2026-04-16 15:27:28,839 - __main__ - INFO - CoinGecko: Fetched bitcoin = $74,916.00
2026-04-16 15:27:28,854 - __main__ - INFO - API: Submitted price for asset 1: $74,916.00 (source: coingecko)
2026-04-16 15:27:28,855 - __main__ - INFO - ----------------------------------------------------------------------
2026-04-16 15:27:28,855 - __main__ - INFO - Sync completed: 1 succeeded, 0 failed, 0 skipped
2026-04-16 15:27:28,855 - __main__ - INFO - ======================================================================
2026-04-16 15:28:28,864 - __main__ - INFO - ======================================================================
2026-04-16 15:28:28,865 - __main__ - INFO - Starting price sync job
2026-04-16 15:28:28,865 - __main__ - INFO - ======================================================================
2026-04-16 15:28:28,899 - __main__ - INFO - API: Fetched 1 assets
2026-04-16 15:28:28,931 - __main__ - INFO - CoinGecko: Fetched bitcoin = $74,935.00
2026-04-16 15:28:28,947 - __main__ - INFO - API: Submitted price for asset 1: $74,935.00 (source: coingecko)
2026-04-16 15:28:28,947 - __main__ - INFO - ----------------------------------------------------------------------
2026-04-16 15:28:28,947 - __main__ - INFO - Sync completed: 1 succeeded, 0 failed, 0 skipped
2026-04-16 15:28:28,947 - __main__ - INFO - ======================================================================
2026-04-16 15:29:28,957 - __main__ - INFO - ======================================================================
2026-04-16 15:29:28,957 - __main__ - INFO - Starting price sync job
2026-04-16 15:29:28,957 - __main__ - INFO - ======================================================================
2026-04-16 15:29:28,961 - __main__ - INFO - API: Fetched 1 assets
2026-04-16 15:29:33,549 - __main__ - INFO - CoinGecko: Fetched bitcoin = $74,966.00
2026-04-16 15:29:33,562 - __main__ - INFO - API: Submitted price for asset 1: $74,966.00 (source: coingecko)
2026-04-16 15:29:33,562 - __main__ - INFO - ----------------------------------------------------------------------
2026-04-16 15:29:33,562 - __main__ - INFO - Sync completed: 1 succeeded, 0 failed, 0 skipped
2026-04-16 15:29:33,562 - __main__ - INFO - ======================================================================
2026-04-16 15:30:33,570 - __main__ - INFO - ======================================================================
2026-04-16 15:30:33,570 - __main__ - INFO - Starting price sync job
2026-04-16 15:30:33,570 - __main__ - INFO - ======================================================================
2026-04-16 15:30:33,573 - __main__ - INFO - API: Fetched 1 assets
2026-04-16 15:30:33,599 - __main__ - INFO - CoinGecko: Fetched bitcoin = $74,961.00
2026-04-16 15:30:33,612 - __main__ - INFO - API: Submitted price for asset 1: $74,961.00 (source: coingecko)
2026-04-16 15:30:33,612 - __main__ - INFO - ----------------------------------------------------------------------
2026-04-16 15:30:33,612 - __main__ - INFO - Sync completed: 1 succeeded, 0 failed, 0 skipped
2026-04-16 15:30:33,612 - __main__ - INFO - ======================================================================
2026-04-16 15:30:53,049 - __main__ - INFO - Received shutdown signal, exiting...
